Using pre-set license
Built from '2021.3/staging' branch; Version is '2021.3.8f1 (b30333d56e81) revision 11731763'; Using compiler version '192829333'; Build Type 'Release'
OS: 'Windows 10  (10.0.19044) 64bit Core' Language: 'en' Physical Memory: 16225 MB
BatchMode: 1, IsHumanControllingUs: 0, StartBugReporterOnCrash: 0, Is64bit: 1, IsPro: 1

COMMAND LINE ARGUMENTS:
C:\Program Files\Unity\Hub\Editor\2021.3.8f1\Editor\Unity.exe
-adb2
-batchMode
-noUpm
-name
AssetImportWorker1
-projectPath
C:/Users/raghe/Documents/GitHub/ICProject
-logFile
Logs/AssetImportWorker1.log
-srvPort
57922
Successfully changed project path to: C:/Users/raghe/Documents/GitHub/ICProject
C:/Users/raghe/Documents/GitHub/ICProject
[UnityMemory] Configuration Parameters - Can be set up in boot.config
    "memorysetup-bucket-allocator-granularity=16"
    "memorysetup-bucket-allocator-bucket-count=8"
    "memorysetup-bucket-allocator-block-size=33554432"
    "memorysetup-bucket-allocator-block-count=8"
    "memorysetup-main-allocator-block-size=16777216"
    "memorysetup-thread-allocator-block-size=16777216"
    "memorysetup-gfx-main-allocator-block-size=16777216"
    "memorysetup-gfx-thread-allocator-block-size=16777216"
    "memorysetup-cache-allocator-block-size=4194304"
    "memorysetup-typetree-allocator-block-size=2097152"
    "memorysetup-profiler-bucket-allocator-granularity=16"
    "memorysetup-profiler-bucket-allocator-bucket-count=8"
    "memorysetup-profiler-bucket-allocator-block-size=33554432"
    "memorysetup-profiler-bucket-allocator-block-count=8"
    "memorysetup-profiler-allocator-block-size=16777216"
    "memorysetup-profiler-editor-allocator-block-size=1048576"
    "memorysetup-temp-allocator-size-main=16777216"
    "memorysetup-job-temp-allocator-block-size=2097152"
    "memorysetup-job-temp-allocator-block-size-background=1048576"
    "memorysetup-job-temp-allocator-reduction-small-platforms=262144"
    "memorysetup-temp-allocator-size-background-worker=32768"
    "memorysetup-temp-allocator-size-job-worker=262144"
    "memorysetup-temp-allocator-size-preload-manager=33554432"
    "memorysetup-temp-allocator-size-nav-mesh-worker=65536"
    "memorysetup-temp-allocator-size-audio-worker=65536"
    "memorysetup-temp-allocator-size-cloud-worker=32768"
    "memorysetup-temp-allocator-size-gi-baking-worker=262144"
    "memorysetup-temp-allocator-size-gfx=262144"
Refreshing native plugins compatible for Editor in 44.61 ms, found 2 plugins.
Preloading 0 native plugins for Editor in 0.00 ms.
Initialize engine version: 2021.3.8f1 (b30333d56e81)
[Subsystems] Discovering subsystems at path C:/Program Files/Unity/Hub/Editor/2021.3.8f1/Editor/Data/Resources/UnitySubsystems
[Subsystems] Discovering subsystems at path C:/Users/raghe/Documents/GitHub/ICProject/Assets
GfxDevice: creating device client; threaded=0; jobified=0
Direct3D:
    Version:  Direct3D 11.0 [level 11.1]
    Renderer: AMD Radeon RX 6600 (ID=0x73ff)
    Vendor:   ATI
    VRAM:     8147 MB
    Driver:   30.0.14023.3004
Initialize mono
Mono path[0] = 'C:/Program Files/Unity/Hub/Editor/2021.3.8f1/Editor/Data/Managed'
Mono path[1] = 'C:/Program Files/Unity/Hub/Editor/2021.3.8f1/Editor/Data/MonoBleedingEdge/lib/mono/unityjit-win32'
Mono config path = 'C:/Program Files/Unity/Hub/Editor/2021.3.8f1/Editor/Data/MonoBleedingEdge/etc'
Using monoOptions --debugger-agent=transport=dt_socket,embedding=1,server=y,suspend=n,address=127.0.0.1:56576
Begin MonoManager ReloadAssembly
Registering precompiled unity dll's ...
Register platform support module: C:/Program Files/Unity/Hub/Editor/2021.3.8f1/Editor/Data/PlaybackEngines/AndroidPlayer/UnityEditor.Android.Extensions.dll
Register platform support module: C:/Program Files/Unity/Hub/Editor/2021.3.8f1/Editor/Data/PlaybackEngines/iOSSupport/UnityEditor.iOS.Extensions.dll
Register platform support module: C:/Program Files/Unity/Hub/Editor/2021.3.8f1/Editor/Data/PlaybackEngines/WindowsStandaloneSupport/UnityEditor.WindowsStandalone.Extensions.dll
Registered in 0.004788 seconds.
Native extension for WindowsStandalone target not found
[usbmuxd] Start listen thread
[usbmuxd] Listen thread started
[usbmuxd] Send listen message
Native extension for iOS target not found
Native extension for Android target not found
Refreshing native plugins compatible for Editor in 45.17 ms, found 2 plugins.
Preloading 0 native plugins for Editor in 0.00 ms.
Mono: successfully reloaded assembly
- Completed reload, in  0.433 seconds
Domain Reload Profiling:
	ReloadAssembly (433ms)
		BeginReloadAssembly (50ms)
			ExecutionOrderSort (0ms)
			DisableScriptedObjects (0ms)
			BackupInstance (0ms)
			ReleaseScriptingObjects (0ms)
			CreateAndSetChildDomain (1ms)
		EndReloadAssembly (310ms)
			LoadAssemblies (49ms)
			RebuildTransferFunctionScriptingTraits (0ms)
			SetupTypeCache (70ms)
			ReleaseScriptCaches (0ms)
			RebuildScriptCaches (18ms)
			SetupLoadedEditorAssemblies (186ms)
				LogAssemblyErrors (0ms)
				InitializePlatformSupportModulesInManaged (47ms)
				SetLoadedEditorAssemblies (1ms)
				RefreshPlugins (45ms)
				BeforeProcessingInitializeOnLoad (1ms)
				ProcessInitializeOnLoadAttributes (62ms)
				ProcessInitializeOnLoadMethodAttributes (30ms)
				AfterProcessingInitializeOnLoad (0ms)
				EditorAssembliesLoaded (0ms)
			ExecutionOrderSort2 (0ms)
			AwakeInstancesAfterBackupRestoration (0ms)
Platform modules already initialized, skipping
Registering precompiled user dll's ...
Registered in 0.002150 seconds.
Begin MonoManager ReloadAssembly
Native extension for WindowsStandalone target not found
Native extension for iOS target not found
Native extension for Android target not found
Refreshing native plugins compatible for Editor in 53.21 ms, found 2 plugins.
Preloading 0 native plugins for Editor in 0.00 ms.
Package Manager log level set to [2]
Mono: successfully reloaded assembly
- Completed reload, in  0.921 seconds
Domain Reload Profiling:
	ReloadAssembly (921ms)
		BeginReloadAssembly (187ms)
			ExecutionOrderSort (0ms)
			DisableScriptedObjects (4ms)
			BackupInstance (0ms)
			ReleaseScriptingObjects (0ms)
			CreateAndSetChildDomain (119ms)
		EndReloadAssembly (655ms)
			LoadAssemblies (57ms)
			RebuildTransferFunctionScriptingTraits (0ms)
			SetupTypeCache (131ms)
			ReleaseScriptCaches (0ms)
			RebuildScriptCaches (35ms)
			SetupLoadedEditorAssemblies (404ms)
				LogAssemblyErrors (0ms)
				InitializePlatformSupportModulesInManaged (17ms)
				SetLoadedEditorAssemblies (0ms)
				RefreshPlugins (53ms)
				BeforeProcessingInitializeOnLoad (67ms)
				ProcessInitializeOnLoadAttributes (244ms)
				ProcessInitializeOnLoadMethodAttributes (18ms)
				AfterProcessingInitializeOnLoad (4ms)
				EditorAssembliesLoaded (0ms)
			ExecutionOrderSort2 (0ms)
			AwakeInstancesAfterBackupRestoration (4ms)
Platform modules already initialized, skipping
========================================================================
Worker process is ready to serve import requests
Launched and connected shader compiler UnityShaderCompiler.exe after 0.03 seconds
Refreshing native plugins compatible for Editor in 0.90 ms, found 2 plugins.
Preloading 0 native plugins for Editor in 0.00 ms.
Unloading 2772 Unused Serialized files (Serialized files now loaded: 0)
Unloading 100 unused Assets / (98.4 KB). Loaded Objects now: 3236.
Memory consumption went from 115.8 MB to 115.7 MB.
Total: 3.300000 ms (FindLiveObjects: 0.223700 ms CreateObjectMapping: 0.155500 ms MarkObjects: 2.726200 ms  DeleteObjects: 0.193700 ms)

AssetImportParameters requested are different than current active one (requested -> active):
  custom:video-decoder-ogg-theora: a1e56fd34408186e4bbccfd4996cb3dc -> 
  custom:container-muxer-webm: aa71ff27fc2769a1b78a27578f13a17b -> 
  custom:container-demuxer-webm: 4f35f7cbe854078d1ac9338744f61a02 -> 
  custom:video-encoder-webm-vp8: eb34c28f22e8b96e1ab97ce403110664 -> 
  custom:audio-encoder-webm-vorbis: bf7c407c2cedff20999df2af8eb42d56 -> 
  custom:framework-win-MediaFoundation: 216162199b28c13a410421893ffa2e32 -> 
  custom:container-demuxer-ogg: 62fdf1f143b41e24485cea50d1cbac27 -> 
  custom:video-decoder-webm-vp8: 9c59270c3fd7afecdb556c50c9e8de78 -> 
  custom:audio-decoder-ogg-vorbis: bf7c407c2cedff20999df2af8eb42d56 -> 
========================================================================
Received Prepare
Registering precompiled user dll's ...
Registered in 0.002543 seconds.
Begin MonoManager ReloadAssembly
Native extension for WindowsStandalone target not found
Native extension for iOS target not found
Native extension for Android target not found
Refreshing native plugins compatible for Editor in 0.73 ms, found 2 plugins.
Preloading 0 native plugins for Editor in 0.00 ms.
Warning: Annotation not found!
UnityEngine.StackTraceUtility:ExtractStackTrace ()
UnityEditor.ProBuilder.EditorUtility:SetGizmoIconEnabled (System.Type,bool) (at Library/PackageCache/com.unity.probuilder@5.0.3/Editor/EditorCore/EditorUtility.cs:575)
UnityEditor.ProBuilder.HierarchyListener:.cctor () (at Library/PackageCache/com.unity.probuilder@5.0.3/Editor/EditorCore/HierarchyListener.cs:21)
System.Runtime.CompilerServices.RuntimeHelpers:RunClassConstructor (System.RuntimeTypeHandle)
UnityEditor.EditorAssemblies:ProcessInitializeOnLoadAttributes (System.Type[])

[Library/PackageCache/com.unity.probuilder@5.0.3/Editor/EditorCore/EditorUtility.cs line 575]

Mono: successfully reloaded assembly
- Completed reload, in  0.664 seconds
Domain Reload Profiling:
	ReloadAssembly (665ms)
		BeginReloadAssembly (102ms)
			ExecutionOrderSort (0ms)
			DisableScriptedObjects (3ms)
			BackupInstance (0ms)
			ReleaseScriptingObjects (0ms)
			CreateAndSetChildDomain (30ms)
		EndReloadAssembly (495ms)
			LoadAssemblies (55ms)
			RebuildTransferFunctionScriptingTraits (0ms)
			SetupTypeCache (129ms)
			ReleaseScriptCaches (1ms)
			RebuildScriptCaches (28ms)
			SetupLoadedEditorAssemblies (254ms)
				LogAssemblyErrors (0ms)
				InitializePlatformSupportModulesInManaged (22ms)
				SetLoadedEditorAssemblies (0ms)
				RefreshPlugins (1ms)
				BeforeProcessingInitializeOnLoad (46ms)
				ProcessInitializeOnLoadAttributes (155ms)
				ProcessInitializeOnLoadMethodAttributes (22ms)
				AfterProcessingInitializeOnLoad (6ms)
				EditorAssembliesLoaded (0ms)
			ExecutionOrderSort2 (0ms)
			AwakeInstancesAfterBackupRestoration (5ms)
Platform modules already initialized, skipping
Refreshing native plugins compatible for Editor in 1.45 ms, found 2 plugins.
Preloading 0 native plugins for Editor in 0.00 ms.
Unloading 2716 Unused Serialized files (Serialized files now loaded: 0)
Unloading 19 unused Assets / (66.1 KB). Loaded Objects now: 3240.
Memory consumption went from 111.5 MB to 111.4 MB.
Total: 2.394700 ms (FindLiveObjects: 0.145800 ms CreateObjectMapping: 0.059400 ms MarkObjects: 2.094600 ms  DeleteObjects: 0.093900 ms)

AssetImportParameters requested are different than current active one (requested -> active):
  custom:video-decoder-ogg-theora: a1e56fd34408186e4bbccfd4996cb3dc -> 
  custom:container-muxer-webm: aa71ff27fc2769a1b78a27578f13a17b -> 
  custom:container-demuxer-webm: 4f35f7cbe854078d1ac9338744f61a02 -> 
  custom:video-encoder-webm-vp8: eb34c28f22e8b96e1ab97ce403110664 -> 
  custom:audio-encoder-webm-vorbis: bf7c407c2cedff20999df2af8eb42d56 -> 
  custom:framework-win-MediaFoundation: 216162199b28c13a410421893ffa2e32 -> 
  custom:container-demuxer-ogg: 62fdf1f143b41e24485cea50d1cbac27 -> 
  custom:video-decoder-webm-vp8: 9c59270c3fd7afecdb556c50c9e8de78 -> 
  custom:audio-decoder-ogg-vorbis: bf7c407c2cedff20999df2af8eb42d56 -> 
========================================================================
Received Prepare
Registering precompiled user dll's ...
Registered in 0.001958 seconds.
Begin MonoManager ReloadAssembly
Native extension for WindowsStandalone target not found
Native extension for iOS target not found
Native extension for Android target not found
Refreshing native plugins compatible for Editor in 0.67 ms, found 2 plugins.
Preloading 0 native plugins for Editor in 0.00 ms.
Warning: Annotation not found!
UnityEngine.StackTraceUtility:ExtractStackTrace ()
UnityEditor.ProBuilder.EditorUtility:SetGizmoIconEnabled (System.Type,bool) (at Library/PackageCache/com.unity.probuilder@5.0.3/Editor/EditorCore/EditorUtility.cs:575)
UnityEditor.ProBuilder.HierarchyListener:.cctor () (at Library/PackageCache/com.unity.probuilder@5.0.3/Editor/EditorCore/HierarchyListener.cs:21)
System.Runtime.CompilerServices.RuntimeHelpers:RunClassConstructor (System.RuntimeTypeHandle)
UnityEditor.EditorAssemblies:ProcessInitializeOnLoadAttributes (System.Type[])

[Library/PackageCache/com.unity.probuilder@5.0.3/Editor/EditorCore/EditorUtility.cs line 575]

Mono: successfully reloaded assembly
- Completed reload, in  0.645 seconds
Domain Reload Profiling:
	ReloadAssembly (646ms)
		BeginReloadAssembly (90ms)
			ExecutionOrderSort (0ms)
			DisableScriptedObjects (3ms)
			BackupInstance (0ms)
			ReleaseScriptingObjects (0ms)
			CreateAndSetChildDomain (23ms)
		EndReloadAssembly (490ms)
			LoadAssemblies (53ms)
			RebuildTransferFunctionScriptingTraits (0ms)
			SetupTypeCache (126ms)
			ReleaseScriptCaches (1ms)
			RebuildScriptCaches (25ms)
			SetupLoadedEditorAssemblies (257ms)
				LogAssemblyErrors (0ms)
				InitializePlatformSupportModulesInManaged (23ms)
				SetLoadedEditorAssemblies (0ms)
				RefreshPlugins (1ms)
				BeforeProcessingInitializeOnLoad (47ms)
				ProcessInitializeOnLoadAttributes (160ms)
				ProcessInitializeOnLoadMethodAttributes (22ms)
				AfterProcessingInitializeOnLoad (4ms)
				EditorAssembliesLoaded (0ms)
			ExecutionOrderSort2 (0ms)
			AwakeInstancesAfterBackupRestoration (4ms)
Platform modules already initialized, skipping
Refreshing native plugins compatible for Editor in 1.47 ms, found 2 plugins.
Preloading 0 native plugins for Editor in 0.00 ms.
Unloading 2716 Unused Serialized files (Serialized files now loaded: 0)
Unloading 19 unused Assets / (88.5 KB). Loaded Objects now: 3244.
Memory consumption went from 111.5 MB to 111.4 MB.
Total: 2.474000 ms (FindLiveObjects: 0.158400 ms CreateObjectMapping: 0.066000 ms MarkObjects: 2.145800 ms  DeleteObjects: 0.103000 ms)

AssetImportParameters requested are different than current active one (requested -> active):
  custom:video-decoder-ogg-theora: a1e56fd34408186e4bbccfd4996cb3dc -> 
  custom:container-muxer-webm: aa71ff27fc2769a1b78a27578f13a17b -> 
  custom:container-demuxer-webm: 4f35f7cbe854078d1ac9338744f61a02 -> 
  custom:video-encoder-webm-vp8: eb34c28f22e8b96e1ab97ce403110664 -> 
  custom:audio-encoder-webm-vorbis: bf7c407c2cedff20999df2af8eb42d56 -> 
  custom:framework-win-MediaFoundation: 216162199b28c13a410421893ffa2e32 -> 
  custom:container-demuxer-ogg: 62fdf1f143b41e24485cea50d1cbac27 -> 
  custom:video-decoder-webm-vp8: 9c59270c3fd7afecdb556c50c9e8de78 -> 
  custom:audio-decoder-ogg-vorbis: bf7c407c2cedff20999df2af8eb42d56 -> 
========================================================================
Received Prepare
Registering precompiled user dll's ...
Registered in 0.002439 seconds.
Begin MonoManager ReloadAssembly
Native extension for WindowsStandalone target not found
Native extension for iOS target not found
Native extension for Android target not found
Refreshing native plugins compatible for Editor in 0.77 ms, found 2 plugins.
Preloading 0 native plugins for Editor in 0.00 ms.
Warning: Annotation not found!
UnityEngine.StackTraceUtility:ExtractStackTrace ()
UnityEditor.ProBuilder.EditorUtility:SetGizmoIconEnabled (System.Type,bool) (at Library/PackageCache/com.unity.probuilder@5.0.3/Editor/EditorCore/EditorUtility.cs:575)
UnityEditor.ProBuilder.HierarchyListener:.cctor () (at Library/PackageCache/com.unity.probuilder@5.0.3/Editor/EditorCore/HierarchyListener.cs:21)
System.Runtime.CompilerServices.RuntimeHelpers:RunClassConstructor (System.RuntimeTypeHandle)
UnityEditor.EditorAssemblies:ProcessInitializeOnLoadAttributes (System.Type[])

[Library/PackageCache/com.unity.probuilder@5.0.3/Editor/EditorCore/EditorUtility.cs line 575]

Mono: successfully reloaded assembly
- Completed reload, in  0.670 seconds
Domain Reload Profiling:
	ReloadAssembly (670ms)
		BeginReloadAssembly (106ms)
			ExecutionOrderSort (0ms)
			DisableScriptedObjects (3ms)
			BackupInstance (0ms)
			ReleaseScriptingObjects (0ms)
			CreateAndSetChildDomain (27ms)
		EndReloadAssembly (498ms)
			LoadAssemblies (61ms)
			RebuildTransferFunctionScriptingTraits (0ms)
			SetupTypeCache (133ms)
			ReleaseScriptCaches (1ms)
			RebuildScriptCaches (25ms)
			SetupLoadedEditorAssemblies (258ms)
				LogAssemblyErrors (0ms)
				InitializePlatformSupportModulesInManaged (23ms)
				SetLoadedEditorAssemblies (0ms)
				RefreshPlugins (1ms)
				BeforeProcessingInitializeOnLoad (48ms)
				ProcessInitializeOnLoadAttributes (157ms)
				ProcessInitializeOnLoadMethodAttributes (24ms)
				AfterProcessingInitializeOnLoad (4ms)
				EditorAssembliesLoaded (0ms)
			ExecutionOrderSort2 (0ms)
			AwakeInstancesAfterBackupRestoration (4ms)
Platform modules already initialized, skipping
Refreshing native plugins compatible for Editor in 1.55 ms, found 2 plugins.
Preloading 0 native plugins for Editor in 0.00 ms.
Unloading 2716 Unused Serialized files (Serialized files now loaded: 0)
Unloading 19 unused Assets / (88.6 KB). Loaded Objects now: 3248.
Memory consumption went from 111.5 MB to 111.4 MB.
Total: 2.464700 ms (FindLiveObjects: 0.150800 ms CreateObjectMapping: 0.072400 ms MarkObjects: 2.132200 ms  DeleteObjects: 0.107900 ms)

AssetImportParameters requested are different than current active one (requested -> active):
  custom:video-decoder-ogg-theora: a1e56fd34408186e4bbccfd4996cb3dc -> 
  custom:container-muxer-webm: aa71ff27fc2769a1b78a27578f13a17b -> 
  custom:container-demuxer-webm: 4f35f7cbe854078d1ac9338744f61a02 -> 
  custom:video-encoder-webm-vp8: eb34c28f22e8b96e1ab97ce403110664 -> 
  custom:audio-encoder-webm-vorbis: bf7c407c2cedff20999df2af8eb42d56 -> 
  custom:framework-win-MediaFoundation: 216162199b28c13a410421893ffa2e32 -> 
  custom:container-demuxer-ogg: 62fdf1f143b41e24485cea50d1cbac27 -> 
  custom:video-decoder-webm-vp8: 9c59270c3fd7afecdb556c50c9e8de78 -> 
  custom:audio-decoder-ogg-vorbis: bf7c407c2cedff20999df2af8eb42d56 -> 
========================================================================
Received Prepare
Refreshing native plugins compatible for Editor in 2.54 ms, found 2 plugins.
Preloading 0 native plugins for Editor in 0.00 ms.
Unloading 19 Unused Serialized files (Serialized files now loaded: 0)
Unloading 19 unused Assets / (87.0 KB). Loaded Objects now: 3248.
Memory consumption went from 57.2 MB to 57.2 MB.
Total: 2.433100 ms (FindLiveObjects: 0.145600 ms CreateObjectMapping: 0.058800 ms MarkObjects: 2.138300 ms  DeleteObjects: 0.090000 ms)

AssetImportParameters requested are different than current active one (requested -> active):
  custom:video-decoder-ogg-theora: a1e56fd34408186e4bbccfd4996cb3dc -> 
  custom:container-muxer-webm: aa71ff27fc2769a1b78a27578f13a17b -> 
  custom:container-demuxer-webm: 4f35f7cbe854078d1ac9338744f61a02 -> 
  custom:video-encoder-webm-vp8: eb34c28f22e8b96e1ab97ce403110664 -> 
  custom:audio-encoder-webm-vorbis: bf7c407c2cedff20999df2af8eb42d56 -> 
  custom:framework-win-MediaFoundation: 216162199b28c13a410421893ffa2e32 -> 
  custom:container-demuxer-ogg: 62fdf1f143b41e24485cea50d1cbac27 -> 
  custom:video-decoder-webm-vp8: 9c59270c3fd7afecdb556c50c9e8de78 -> 
  custom:audio-decoder-ogg-vorbis: bf7c407c2cedff20999df2af8eb42d56 -> 
========================================================================
Received Import Request.
  Time since last request: 5624.274985 seconds.
  path: Assets/fredy's project/Slides/Room#2/1.png
  artifactKey: Guid(1a9b13f6e9e3c481abf72e48b636436e) Importer(815301076,1909f56bfc062723c751e8b465ee728b)
Start importing Assets/fredy's project/Slides/Room#2/1.png using Guid(1a9b13f6e9e3c481abf72e48b636436e) Importer(815301076,1909f56bfc062723c751e8b465ee728b)  -> (artifact id: '5352b87773cfa7d06e8ccd8f03e9006d') in 0.247801 seconds 
========================================================================
Received Import Request.
  Time since last request: 0.000022 seconds.
  path: Assets/fredy's project/Slides/Room#2/3.png
  artifactKey: Guid(6736b66a64c9a4f75bf7bbeaa1e22fe9) Importer(815301076,1909f56bfc062723c751e8b465ee728b)
Start importing Assets/fredy's project/Slides/Room#2/3.png using Guid(6736b66a64c9a4f75bf7bbeaa1e22fe9) Importer(815301076,1909f56bfc062723c751e8b465ee728b)  -> (artifact id: 'e6a19ee11544684427db24ffe3c62d5b') in 0.140407 seconds 
========================================================================
Received Import Request.
  Time since last request: 0.000036 seconds.
  path: Assets/fredy's project/Slides/Room#3/3.png
  artifactKey: Guid(dc6f83739cd564f84bdda4de626c9cdb) Importer(815301076,1909f56bfc062723c751e8b465ee728b)
Start importing Assets/fredy's project/Slides/Room#3/3.png using Guid(dc6f83739cd564f84bdda4de626c9cdb) Importer(815301076,1909f56bfc062723c751e8b465ee728b)  -> (artifact id: '9e106182c6ce9d4961d3a5ce793087e6') in 0.118905 seconds 
========================================================================
Received Import Request.
  Time since last request: 0.000027 seconds.
  path: Assets/fredy's project/Slides/Room#3/1.png
  artifactKey: Guid(966a5464c94a94913b5ab5eb7ff14f50) Importer(815301076,1909f56bfc062723c751e8b465ee728b)
Start importing Assets/fredy's project/Slides/Room#3/1.png using Guid(966a5464c94a94913b5ab5eb7ff14f50) Importer(815301076,1909f56bfc062723c751e8b465ee728b)  -> (artifact id: '69e76cffb62a55df5e7625555dfe9cbe') in 0.095922 seconds 
========================================================================
Received Import Request.
  Time since last request: 0.665228 seconds.
  path: Assets/fredy's project/Slides/Room#3/4.png
  artifactKey: Guid(06d31750dee414388aa4d0ff5d5ebe47) Importer(815301076,1909f56bfc062723c751e8b465ee728b)
Start importing Assets/fredy's project/Slides/Room#3/4.png using Guid(06d31750dee414388aa4d0ff5d5ebe47) Importer(815301076,1909f56bfc062723c751e8b465ee728b)  -> (artifact id: '76a61ae82ea2f9fb50383cca96ffdbbc') in 0.112396 seconds 
========================================================================
Received Import Request.
  Time since last request: 0.000027 seconds.
  path: Assets/fredy's project/Slides/Room#1/5.png
  artifactKey: Guid(999df8834f4c3437583227a55e324e5c) Importer(815301076,1909f56bfc062723c751e8b465ee728b)
Start importing Assets/fredy's project/Slides/Room#1/5.png using Guid(999df8834f4c3437583227a55e324e5c) Importer(815301076,1909f56bfc062723c751e8b465ee728b)  -> (artifact id: '366004c230f0d342df6e01a7b0827bb3') in 0.101876 seconds 
========================================================================
Received Import Request.
  Time since last request: 0.000020 seconds.
  path: Assets/fredy's project/Slides/Room#3/5.png
  artifactKey: Guid(9be661f8af80e4fdf86c652911ef3db0) Importer(815301076,1909f56bfc062723c751e8b465ee728b)
Start importing Assets/fredy's project/Slides/Room#3/5.png using Guid(9be661f8af80e4fdf86c652911ef3db0) Importer(815301076,1909f56bfc062723c751e8b465ee728b)  -> (artifact id: 'b66a879db314a4b479ddc851ef2a56ce') in 0.111176 seconds 
========================================================================
Received Import Request.
  Time since last request: 0.070415 seconds.
  path: Assets/fredy's project/Slides/Room#2/6.png
  artifactKey: Guid(2bec6eb4e64bc44f18e02e81947786ab) Importer(815301076,1909f56bfc062723c751e8b465ee728b)
Start importing Assets/fredy's project/Slides/Room#2/6.png using Guid(2bec6eb4e64bc44f18e02e81947786ab) Importer(815301076,1909f56bfc062723c751e8b465ee728b)  -> (artifact id: '5bd7c6abd6949c1671e3ea7fc3fdefe0') in 0.113611 seconds 
========================================================================
Received Import Request.
  Time since last request: 0.000018 seconds.
  path: Assets/fredy's project/Slides/Room#1/9.png
  artifactKey: Guid(c7dce351d12a3424f9337997e98900af) Importer(815301076,1909f56bfc062723c751e8b465ee728b)
Start importing Assets/fredy's project/Slides/Room#1/9.png using Guid(c7dce351d12a3424f9337997e98900af) Importer(815301076,1909f56bfc062723c751e8b465ee728b)  -> (artifact id: 'cd770c7d169d9eb4e6e16a9886e0ea3a') in 0.108396 seconds 
========================================================================
Received Import Request.
  Time since last request: 0.000019 seconds.
  path: Assets/Simple Fantasy GUI/PNG/Icons/Accept_Icon.png
  artifactKey: Guid(391f97da05cf45240a8ecdec752cd9be) Importer(815301076,1909f56bfc062723c751e8b465ee728b)
Start importing Assets/Simple Fantasy GUI/PNG/Icons/Accept_Icon.png using Guid(391f97da05cf45240a8ecdec752cd9be) Importer(815301076,1909f56bfc062723c751e8b465ee728b)  -> (artifact id: '63f1b5ecc584842d8b37425ec54e4987') in 0.018014 seconds 
========================================================================
Received Import Request.
  Time since last request: 0.000031 seconds.
  path: Assets/fredy's project/Slides/Room#1/7.png
  artifactKey: Guid(4c4e8cf54f21a4db7a7155bd4e39dd94) Importer(815301076,1909f56bfc062723c751e8b465ee728b)
Start importing Assets/fredy's project/Slides/Room#1/7.png using Guid(4c4e8cf54f21a4db7a7155bd4e39dd94) Importer(815301076,1909f56bfc062723c751e8b465ee728b)  -> (artifact id: 'c9658a0a229884004bdc0001365cf546') in 0.095242 seconds 
========================================================================
Received Import Request.
  Time since last request: 0.000018 seconds.
  path: Assets/Simple Fantasy GUI/PNG/Icons/Armor_Icon.png
  artifactKey: Guid(65a9410232dbc154c9cec96a5fbd07b1) Importer(815301076,1909f56bfc062723c751e8b465ee728b)
Start importing Assets/Simple Fantasy GUI/PNG/Icons/Armor_Icon.png using Guid(65a9410232dbc154c9cec96a5fbd07b1) Importer(815301076,1909f56bfc062723c751e8b465ee728b)  -> (artifact id: '675b4265f8ee197dfcef0147d0fcda36') in 0.017754 seconds 
========================================================================
Received Import Request.
  Time since last request: 0.000018 seconds.
  path: Assets/fredy's project/TSA Resources/images/ACT.png
  artifactKey: Guid(4838eef099aab4a0abb1239f890e0b1a) Importer(815301076,1909f56bfc062723c751e8b465ee728b)
Start importing Assets/fredy's project/TSA Resources/images/ACT.png using Guid(4838eef099aab4a0abb1239f890e0b1a) Importer(815301076,1909f56bfc062723c751e8b465ee728b)  -> (artifact id: '173d6310bc8c226172e05ef7cb8c04b8') in 0.043181 seconds 
========================================================================
Received Import Request.
  Time since last request: 0.228139 seconds.
  path: Assets/Buttons/2d UI button/AllSection/Section05/BlankButton.png
  artifactKey: Guid(4d350e589a7cb554ca7301a404d9b847) Importer(815301076,1909f56bfc062723c751e8b465ee728b)
Start importing Assets/Buttons/2d UI button/AllSection/Section05/BlankButton.png using Guid(4d350e589a7cb554ca7301a404d9b847) Importer(815301076,1909f56bfc062723c751e8b465ee728b)  -> (artifact id: '14d1d6dae18dc902a1d88acfcf1b705d') in 0.049544 seconds 
========================================================================
Received Import Request.
  Time since last request: 0.000024 seconds.
  path: Assets/Buttons/2d UI button/AllSection/Section03/BlankButton.png
  artifactKey: Guid(351b4cbab5939a44aac01a42754e41a1) Importer(815301076,1909f56bfc062723c751e8b465ee728b)
Start importing Assets/Buttons/2d UI button/AllSection/Section03/BlankButton.png using Guid(351b4cbab5939a44aac01a42754e41a1) Importer(815301076,1909f56bfc062723c751e8b465ee728b)  -> (artifact id: '8fb1efbe2647de9eb3a4968a28b8976b') in 0.037209 seconds 
========================================================================
Received Import Request.
  Time since last request: 0.000026 seconds.
  path: Assets/Buttons/2d UI button/AllSection/Section02/BlankButton.png
  artifactKey: Guid(c79649f5ede2efe479a1e54325226dbb) Importer(815301076,1909f56bfc062723c751e8b465ee728b)
Start importing Assets/Buttons/2d UI button/AllSection/Section02/BlankButton.png using Guid(c79649f5ede2efe479a1e54325226dbb) Importer(815301076,1909f56bfc062723c751e8b465ee728b)  -> (artifact id: 'ab80586ed53f50b5d3fc85dc054a81d8') in 0.040673 seconds 
========================================================================
Received Import Request.
  Time since last request: 0.441491 seconds.
  path: Assets/Simple Fantasy GUI/PSD/Characer_Panel.psd
  artifactKey: Guid(d2388be99b238b443a853d04bafc14d7) Importer(815301076,1909f56bfc062723c751e8b465ee728b)
Start importing Assets/Simple Fantasy GUI/PSD/Characer_Panel.psd using Guid(d2388be99b238b443a853d04bafc14d7) Importer(815301076,1909f56bfc062723c751e8b465ee728b)  -> (artifact id: '1fe0350f69b47724f941e280ad23cb21') in 0.041978 seconds 
========================================================================
Received Import Request.
  Time since last request: 0.270948 seconds.
  path: Assets/Simple Fantasy GUI/PNG/Character Panel/Character_Box.png
  artifactKey: Guid(81c655d952ad6ca498cc4b1491740ee0) Importer(815301076,1909f56bfc062723c751e8b465ee728b)
Start importing Assets/Simple Fantasy GUI/PNG/Character Panel/Character_Box.png using Guid(81c655d952ad6ca498cc4b1491740ee0) Importer(815301076,1909f56bfc062723c751e8b465ee728b)  -> (artifact id: 'e2cd76f305fc0eff4bf11ac2585d5d53') in 0.039696 seconds 
========================================================================
Received Import Request.
  Time since last request: 0.000022 seconds.
  path: Assets/Simple Fantasy GUI/PNG/Character Panel/CharacterDemo.png
  artifactKey: Guid(50392d800eebceb43a34250d81f4bd1e) Importer(815301076,1909f56bfc062723c751e8b465ee728b)
Start importing Assets/Simple Fantasy GUI/PNG/Character Panel/CharacterDemo.png using Guid(50392d800eebceb43a34250d81f4bd1e) Importer(815301076,1909f56bfc062723c751e8b465ee728b)  -> (artifact id: '9a7e5344ecf96f080bd406921970fe3b') in 0.038905 seconds 
========================================================================
Received Import Request.
  Time since last request: 0.000024 seconds.
  path: Assets/Simple Fantasy GUI/PNG/Character Bar/CharacterDemo.png
  artifactKey: Guid(dbf0b0525645e10428174d35b68acc83) Importer(815301076,1909f56bfc062723c751e8b465ee728b)
Start importing Assets/Simple Fantasy GUI/PNG/Character Bar/CharacterDemo.png using Guid(dbf0b0525645e10428174d35b68acc83) Importer(815301076,1909f56bfc062723c751e8b465ee728b)  -> (artifact id: '38d2f15a98462d3f5f85012d79bad111') in 0.028430 seconds 
Editor requested this worker to shutdown with reason: Scaling down because of idle timeout
AssetImportWorker is now disconnected from the server
Process exiting
Exiting without the bug reporter. Application will terminate with return code 0